<?xml version="1.0" encoding="UTF-8"?>
<!-- Generated by org.testng.reporters.JUnitXMLReporter -->
<testsuite ignored="0" hostname="STS-1888" failures="1" tests="2" name="Test" time="93.44" errors="0" timestamp="2026-03-08T02:16:50 IST">
  <testcase classname="testBase.BaseClass" name="@BeforeMethod Login" time="27.72">
    <failure type="java.lang.AssertionError" message="Login test failed: org.openqa.selenium.TimeoutException: Expected condition failed: waiting for visibility of Proxy element for: DefaultElementLocator &amp;apos;By.id: username&amp;apos; (tried for 10 second(s) with 500 milliseconds interval)">
      <![CDATA[java.lang.AssertionError: Login test failed: org.openqa.selenium.TimeoutException: Expected condition failed: waiting for visibility of Proxy element for: DefaultElementLocator 'By.id: username' (tried for 10 second(s) with 500 milliseconds interval)
at testBase.BaseClass.Login(BaseClass.java:101)
at java.base/java.util.ArrayList.forEach(ArrayList.java:1596)
Caused by: org.openqa.selenium.TimeoutException: Expected condition failed: waiting for visibility of Proxy element for: DefaultElementLocator 'By.id: username' (tried for 10 second(s) with 500 milliseconds interval)
at org.openqa.selenium.support.ui.WebDriverWait.timeoutException(WebDriverWait.java:84)
at org.openqa.selenium.support.ui.FluentWait.until(FluentWait.java:228)
at PageObjects.LoginPage.Add_UserName(LoginPage.java:31)
at testBase.BaseClass.Login(BaseClass.java:95)
... 30 more
Caused by: org.openqa.selenium.NoSuchElementException: no such element: Unable to locate element: {"method":"css selector","selector":"#username"}
  (Session info: chrome=145.0.7632.160)
For documentation on this error, please visit: https://www.selenium.dev/documentation/webdriver/troubleshooting/errors#no-such-element-exception
Build info: version: '4.20.0', revision: '866c76ca80'
System info: os.name: 'Windows 11', os.arch: 'amd64', os.version: '10.0', java.version: '21.0.6'
Driver info: org.openqa.selenium.remote.RemoteWebDriver
Command: [18af6d2afe32f117571e749a7a869e44, findElement {value=username, using=id}]
Capabilities {acceptInsecureCerts: false, browserName: chrome, browserVersion: 145.0.7632.160, chrome: {chromedriverVersion: 145.0.7632.117 (de4e5d6e13b..., userDataDir: C:\Users\dhanush.n\AppData\...}, fedcm:accounts: true, goog:chromeOptions: {debuggerAddress: localhost:53962}, goog:processID: 13880, networkConnectionEnabled: false, pageLoadStrategy: normal, platformName: Windows 11, proxy: Proxy(), se:bidiEnabled: false, se:cdp: ws://192.168.0.106:4444/ses..., se:cdpVersion: 145.0.7632.160, setWindowRect: true, strictFileInteractability: false, timeouts: {implicit: 0, pageLoad: 300000, script: 30000}, unhandledPromptBehavior: dismiss and notify, webauthn:extension:credBlob: true, webauthn:extension:largeBlob: true, webauthn:extension:minPinLength: true, webauthn:extension:prf: true, webauthn:virtualAuthenticators: true}
Session ID: 18af6d2afe32f117571e749a7a869e44
at org.openqa.selenium.remote.ErrorCodec.decode(ErrorCodec.java:167)
at org.openqa.selenium.remote.codec.w3c.W3CHttpResponseCodec.decode(W3CHttpResponseCodec.java:138)
at org.openqa.selenium.remote.codec.w3c.W3CHttpResponseCodec.decode(W3CHttpResponseCodec.java:50)
at org.openqa.selenium.remote.HttpCommandExecutor.execute(HttpCommandExecutor.java:190)
at org.openqa.selenium.remote.TracedCommandExecutor.execute(TracedCommandExecutor.java:51)
at org.openqa.selenium.remote.RemoteWebDriver.execute(RemoteWebDriver.java:518)
at org.openqa.selenium.remote.ElementLocation$ElementFinder$2.findElement(ElementLocation.java:165)
at org.openqa.selenium.remote.ElementLocation.findElement(ElementLocation.java:59)
at org.openqa.selenium.remote.RemoteWebDriver.findElement(RemoteWebDriver.java:355)
at org.openqa.selenium.remote.RemoteWebDriver.findElement(RemoteWebDriver.java:349)
at org.openqa.selenium.support.pagefactory.DefaultElementLocator.findElement(DefaultElementLocator.java:68)
at org.openqa.selenium.support.pagefactory.internal.LocatingElementHandler.invoke(LocatingElementHandler.java:38)
at jdk.proxy2/jdk.proxy2.$Proxy33.isDisplayed(Unknown Source)
at org.openqa.selenium.support.ui.ExpectedConditions.elementIfVisible(ExpectedConditions.java:304)
at org.openqa.selenium.support.ui.ExpectedConditions$10.apply(ExpectedConditions.java:290)
at org.openqa.selenium.support.ui.ExpectedConditions$10.apply(ExpectedConditions.java:287)
at org.openqa.selenium.support.ui.FluentWait.until(FluentWait.java:203)
... 32 more
... Removed 33 stack frames]]>
    </failure>
  </testcase> <!-- @BeforeMethod Login -->
  <testcase classname="testBase.BaseClass" name="@AfterClass teardown" time="0.0">
    <skipped/>
  </testcase> <!-- @AfterClass teardown -->
  <testcase classname="testCases.TC_AddLocationZone_DD" name="verify_Add_Location_Zone" time="15.846">
    <failure type="java.lang.AssertionError" message="Test Failed due to exception: element click intercepted: Element &amp;lt;span class=&amp;quot;select2-selection__rendered&amp;quot; id=&amp;quot;select2-networkType-container&amp;quot; title=&amp;quot;...&amp;quot;&amp;gt;Select&amp;lt;/span&amp;gt; is not clickable at point (769, 135). Other element would receive the click: &amp;lt;div class=&amp;quot;loader1 loader--style3&amp;quot;&amp;gt;...&amp;lt;/div&amp;gt;
  (Session info: chrome=145.0.7632.160)
Build info: version: &amp;apos;4.20.0&amp;apos;, revision: &amp;apos;866c76ca80&amp;apos;
System info: os.name: &amp;apos;Windows 11&amp;apos;, os.arch: &amp;apos;amd64&amp;apos;, os.version: &amp;apos;10.0&amp;apos;, java.version: &amp;apos;21.0.6&amp;apos;
Driver info: org.openqa.selenium.remote.RemoteWebDriver
Command: [18af6d2afe32f117571e749a7a869e44, clickElement {id=f.09707909A484DCA94D5887995E0D0420.d.14C7E5D4C93AD008459F43E494D60C34.e.128}]
Capabilities {acceptInsecureCerts: false, browserName: chrome, browserVersion: 145.0.7632.160, chrome: {chromedriverVersion: 145.0.7632.117 (de4e5d6e13b..., userDataDir: C:\Users\dhanush.n\AppData\...}, fedcm:accounts: true, goog:chromeOptions: {debuggerAddress: localhost:53962}, goog:processID: 13880, networkConnectionEnabled: false, pageLoadStrategy: normal, platformName: Windows 11, proxy: Proxy(), se:bidiEnabled: false, se:cdp: ws://192.168.0.106:4444/ses..., se:cdpVersion: 145.0.7632.160, setWindowRect: true, strictFileInteractability: false, timeouts: {implicit: 0, pageLoad: 300000, script: 30000}, unhandledPromptBehavior: dismiss and notify, webauthn:extension:credBlob: true, webauthn:extension:largeBlob: true, webauthn:extension:minPinLength: true, webauthn:extension:prf: true, webauthn:virtualAuthenticators: true}
Element: [[RemoteWebDriver: chrome on Windows 11 (18af6d2afe32f117571e749a7a869e44)] -&amp;gt; xpath: //span[@id=&amp;apos;select2-networkType-container&amp;apos;]]
Session ID: 18af6d2afe32f117571e749a7a869e44">
      <![CDATA[java.lang.AssertionError: Test Failed due to exception: element click intercepted: Element <span class="select2-selection__rendered" id="select2-networkType-container" title="...">Select</span> is not clickable at point (769, 135). Other element would receive the click: <div class="loader1 loader--style3">...</div>
  (Session info: chrome=145.0.7632.160)
Build info: version: '4.20.0', revision: '866c76ca80'
System info: os.name: 'Windows 11', os.arch: 'amd64', os.version: '10.0', java.version: '21.0.6'
Driver info: org.openqa.selenium.remote.RemoteWebDriver
Command: [18af6d2afe32f117571e749a7a869e44, clickElement {id=f.09707909A484DCA94D5887995E0D0420.d.14C7E5D4C93AD008459F43E494D60C34.e.128}]
Capabilities {acceptInsecureCerts: false, browserName: chrome, browserVersion: 145.0.7632.160, chrome: {chromedriverVersion: 145.0.7632.117 (de4e5d6e13b..., userDataDir: C:\Users\dhanush.n\AppData\...}, fedcm:accounts: true, goog:chromeOptions: {debuggerAddress: localhost:53962}, goog:processID: 13880, networkConnectionEnabled: false, pageLoadStrategy: normal, platformName: Windows 11, proxy: Proxy(), se:bidiEnabled: false, se:cdp: ws://192.168.0.106:4444/ses..., se:cdpVersion: 145.0.7632.160, setWindowRect: true, strictFileInteractability: false, timeouts: {implicit: 0, pageLoad: 300000, script: 30000}, unhandledPromptBehavior: dismiss and notify, webauthn:extension:credBlob: true, webauthn:extension:largeBlob: true, webauthn:extension:minPinLength: true, webauthn:extension:prf: true, webauthn:virtualAuthenticators: true}
Element: [[RemoteWebDriver: chrome on Windows 11 (18af6d2afe32f117571e749a7a869e44)] -> xpath: //span[@id='select2-networkType-container']]
Session ID: 18af6d2afe32f117571e749a7a869e44
at testCases.TC_AddLocationZone_DD.verify_Add_Location_Zone(TC_AddLocationZone_DD.java:58)
at java.base/java.util.ArrayList.forEach(ArrayList.java:1596)
... Removed 26 stack frames]]>
    </failure>
  </testcase> <!-- verify_Add_Location_Zone -->
  <testcase classname="testCases.TC_AddLocationZone_DD" name="verify_Add_Location_Zone" time="0.0">
    <skipped/>
  </testcase> <!-- verify_Add_Location_Zone -->
</testsuite> <!-- Test -->
